[2020-12-01T17:37:18.016] [DEBUG] cheese - [Object: null prototype] { name: 'tongyi', age: '18' }
[2020-12-01T17:37:22.385] [DEBUG] cheese - { msg: 'JS统治世界！！！' }
[2020-12-01T17:37:40.360] [DEBUG] cheese - [Object: null prototype] { name: 'tongyi', age: '18' }
[2020-12-01T17:37:43.590] [DEBUG] cheese - [Object: null prototype] { name: 'tongyi', age: '18' }
[2020-12-01T17:38:10.360] [DEBUG] cheese - [Object: null prototype] { name: 'tongyi', age: '18' }
[2020-12-01T17:38:12.417] [DEBUG] cheese - {}
[2020-12-01T17:38:13.498] [DEBUG] cheese - {}
[2020-12-01T17:38:15.866] [DEBUG] cheese - {}
[2020-12-01T17:38:16.807] [DEBUG] cheese - { msg: 'JS统治世界！！！' }
[2020-12-01T17:38:20.900] [DEBUG] cheese - { msg: 'JS统治世界！！！' }
[2020-12-01T17:38:23.310] [DEBUG] cheese - { msg: 'JS统治世界！！！' }
[2020-12-01T17:38:33.464] [DEBUG] cheese - {}
[2020-12-01T17:38:42.898] [DEBUG] cheese - {}
[2020-12-01T17:38:43.134] [DEBUG] cheese - {}
[2020-12-01T17:39:31.982] [DEBUG] cheese - {}
[2020-12-01T17:39:35.496] [DEBUG] cheese - {}
[2020-12-01T17:47:15.654] [DEBUG] cheese - {}
[2020-12-01T17:47:32.248] [DEBUG] cheese - {}
[2020-12-01T17:48:33.920] [DEBUG] cheese - [Object: null prototype] {
  province: '上海',
  city: '上海',
  district: '宝山区',
  address: '同济支路199号智慧七立方3号楼2-4层',
  latitude: '43',
  longitude: '160',
  message: '求购一条小鱼',
  contact: '13666666',
  type: 'sell',
  time: '1571217561'
}
[2020-12-01T17:49:10.053] [DEBUG] cheese - [Object: null prototype] {
  province: '上海',
  city: '上海',
  district: '宝山区',
  address: '同济支路199号智慧七立方3号楼2-4层',
  latitude: '43',
  longitude: '160',
  message: '求购一条小鱼',
  contact: '13666666',
  type: 'sell',
  time: '1571217561'
}
[2020-12-01T17:49:10.222] [DEBUG] cheese - [Object: null prototype] {
  province: '上海',
  city: '上海',
  district: '宝山区',
  address: '同济支路199号智慧七立方3号楼2-4层',
  latitude: '43',
  longitude: '160',
  message: '求购一条小鱼',
  contact: '13666666',
  type: 'sell',
  time: '1571217561'
}
[2020-12-01T17:49:10.311] [DEBUG] cheese - [Object: null prototype] {
  province: '上海',
  city: '上海',
  district: '宝山区',
  address: '同济支路199号智慧七立方3号楼2-4层',
  latitude: '43',
  longitude: '160',
  message: '求购一条小鱼',
  contact: '13666666',
  type: 'sell',
  time: '1571217561'
}
[2020-12-01T17:49:10.449] [DEBUG] cheese - [Object: null prototype] {
  province: '上海',
  city: '上海',
  district: '宝山区',
  address: '同济支路199号智慧七立方3号楼2-4层',
  latitude: '43',
  longitude: '160',
  message: '求购一条小鱼',
  contact: '13666666',
  type: 'sell',
  time: '1571217561'
}
[2020-12-01T17:49:10.575] [DEBUG] cheese - [Object: null prototype] {
  province: '上海',
  city: '上海',
  district: '宝山区',
  address: '同济支路199号智慧七立方3号楼2-4层',
  latitude: '43',
  longitude: '160',
  message: '求购一条小鱼',
  contact: '13666666',
  type: 'sell',
  time: '1571217561'
}
[2020-12-01T17:49:10.666] [DEBUG] cheese - [Object: null prototype] {
  province: '上海',
  city: '上海',
  district: '宝山区',
  address: '同济支路199号智慧七立方3号楼2-4层',
  latitude: '43',
  longitude: '160',
  message: '求购一条小鱼',
  contact: '13666666',
  type: 'sell',
  time: '1571217561'
}
[2020-12-01T17:49:10.792] [DEBUG] cheese - [Object: null prototype] {
  province: '上海',
  city: '上海',
  district: '宝山区',
  address: '同济支路199号智慧七立方3号楼2-4层',
  latitude: '43',
  longitude: '160',
  message: '求购一条小鱼',
  contact: '13666666',
  type: 'sell',
  time: '1571217561'
}
[2020-12-01T17:49:10.928] [DEBUG] cheese - [Object: null prototype] {
  province: '上海',
  city: '上海',
  district: '宝山区',
  address: '同济支路199号智慧七立方3号楼2-4层',
  latitude: '43',
  longitude: '160',
  message: '求购一条小鱼',
  contact: '13666666',
  type: 'sell',
  time: '1571217561'
}
[2020-12-01T17:49:11.040] [DEBUG] cheese - [Object: null prototype] {
  province: '上海',
  city: '上海',
  district: '宝山区',
  address: '同济支路199号智慧七立方3号楼2-4层',
  latitude: '43',
  longitude: '160',
  message: '求购一条小鱼',
  contact: '13666666',
  type: 'sell',
  time: '1571217561'
}
[2020-12-01T17:49:11.178] [DEBUG] cheese - [Object: null prototype] {
  province: '上海',
  city: '上海',
  district: '宝山区',
  address: '同济支路199号智慧七立方3号楼2-4层',
  latitude: '43',
  longitude: '160',
  message: '求购一条小鱼',
  contact: '13666666',
  type: 'sell',
  time: '1571217561'
}
[2020-12-01T17:49:11.316] [DEBUG] cheese - [Object: null prototype] {
  province: '上海',
  city: '上海',
  district: '宝山区',
  address: '同济支路199号智慧七立方3号楼2-4层',
  latitude: '43',
  longitude: '160',
  message: '求购一条小鱼',
  contact: '13666666',
  type: 'sell',
  time: '1571217561'
}
[2020-12-01T17:49:11.443] [DEBUG] cheese - [Object: null prototype] {
  province: '上海',
  city: '上海',
  district: '宝山区',
  address: '同济支路199号智慧七立方3号楼2-4层',
  latitude: '43',
  longitude: '160',
  message: '求购一条小鱼',
  contact: '13666666',
  type: 'sell',
  time: '1571217561'
}
[2020-12-01T17:49:11.611] [DEBUG] cheese - [Object: null prototype] {
  province: '上海',
  city: '上海',
  district: '宝山区',
  address: '同济支路199号智慧七立方3号楼2-4层',
  latitude: '43',
  longitude: '160',
  message: '求购一条小鱼',
  contact: '13666666',
  type: 'sell',
  time: '1571217561'
}
[2020-12-01T17:49:11.741] [DEBUG] cheese - [Object: null prototype] {
  province: '上海',
  city: '上海',
  district: '宝山区',
  address: '同济支路199号智慧七立方3号楼2-4层',
  latitude: '43',
  longitude: '160',
  message: '求购一条小鱼',
  contact: '13666666',
  type: 'sell',
  time: '1571217561'
}
[2020-12-01T17:49:11.851] [DEBUG] cheese - [Object: null prototype] {
  province: '上海',
  city: '上海',
  district: '宝山区',
  address: '同济支路199号智慧七立方3号楼2-4层',
  latitude: '43',
  longitude: '160',
  message: '求购一条小鱼',
  contact: '13666666',
  type: 'sell',
  time: '1571217561'
}
[2020-12-01T17:49:11.970] [DEBUG] cheese - [Object: null prototype] {
  province: '上海',
  city: '上海',
  district: '宝山区',
  address: '同济支路199号智慧七立方3号楼2-4层',
  latitude: '43',
  longitude: '160',
  message: '求购一条小鱼',
  contact: '13666666',
  type: 'sell',
  time: '1571217561'
}
[2020-12-01T17:49:12.096] [DEBUG] cheese - [Object: null prototype] {
  province: '上海',
  city: '上海',
  district: '宝山区',
  address: '同济支路199号智慧七立方3号楼2-4层',
  latitude: '43',
  longitude: '160',
  message: '求购一条小鱼',
  contact: '13666666',
  type: 'sell',
  time: '1571217561'
}
